<?xml version="1.0" ?>
<testsuites disabled="0" errors="0" failures="2" tests="2" time="0.0">
	<testsuite disabled="0" errors="0" failures="2" name="semgrep results" skipped="0" tests="2" time="0">
		<testcase classname="targets/basic/stupid.py" file="targets/basic/stupid.py" line="3" name="rules.eqeq-is-bad">
			<failure message="useless comparison operation `a + b == a + b` or `a + b != a + b`; possible bug?" type="ERROR">['    return a + b == a + b\n']</failure>
		</testcase>
		<testcase classname="targets/basic/stupid.js" file="targets/basic/stupid.js" line="3" name="rules.javascript-basic-eqeq-bad">
			<failure message="useless comparison" type="ERROR">['console.log(x == x)\n']</failure>
		</testcase>
	</testsuite>
</testsuites>

